Arguments: 
  D:\develop\nodejs\node.exe C:\Users\salimsu\AppData\Roaming\npm\node_modules\yarn\bin\yarn.js add vue-router

PATH: 
  D:\dev\2021\phone\jd\vites\node_modules\.bin;C:\Program Files (x86)\Common Files\Oracle\Java\javapath;C:\WINDOWS\system32;C:\WINDOWS;C:\WINDOWS\System32\Wbem;C:\WINDOWS\System32\WindowsPowerShell\v1.0\;C:\WINDOWS\System32\OpenSSH\;D:\develop\nodejs\;D:\develop\Git\cmd;D:\develop\TortoiseGit\bin;C:\Program Files\MySQL\MySQL Server 5.7\bin;C:\Users\salimsu\AppData\Local\Microsoft\WindowsApps;C:\Users\salimsu\AppData\Roaming\npm;D:\develop\WebStorm 2020.1.3\bin;;D:\develop\Microsoft VS Code\bin

Yarn version: 
  1.22.10

Node version: 
  12.18.3

Platform: 
  win32 x64

Trace: 
  Error: EPERM: operation not permitted, unlink 'D:\dev\2021\phone\jd\vites\node_modules\esbuild\esbuild.exe'

npm manifest: 
  {
    "name": "vites",
    "version": "0.0.0",
    "scripts": {
      "dev": "vite",
      "build": "vue-tsc --noEmit && vite build",
      "serve": "vite preview"
    },
    "dependencies": {
      "autoprefixer": "^10.2.5",
      "vue": "^3.0.5"
    },
    "devDependencies": {
      "@vitejs/plugin-vue": "^1.2.1",
      "@vue/compiler-sfc": "^3.0.5",
      "typescript": "^4.1.3",
      "vite": "^2.1.5",
      "vue-tsc": "^0.0.24",
      "sass": "^1.32.11",
      "sass-loader": "^8.0.2",
      "postcss-pxtorem": "^6.0.0",
      "dart-sass": "^1.25.0",
      "amfe-flexible": "^2.2.1"
    }
  }

yarn manifest: 
  No manifest

Lockfile: 
  No lockfile
